nohup: ignoring input
2017-08-23 03:06:01.448+0000 INFO  ======== Neo4j 3.2.3 ========
2017-08-23 03:06:01.490+0000 INFO  Starting...
2017-08-23 03:06:02.962+0000 INFO  Bolt enabled on localhost:7472.
2017-08-23 03:06:07.393+0000 INFO  Started.
2017-08-23 03:06:08.419+0000 WARN  FAILED ServerConnector@1a7e7b44{HTTP/1.1}{localhost:7474}: java.net.BindException: Address already in use Address already in use
java.net.BindException: Address already in use
	at sun.nio.ch.Net.bind0(Native Method)
	at sun.nio.ch.Net.bind(Net.java:433)
	at sun.nio.ch.Net.bind(Net.java:425)
	at sun.nio.ch.ServerSocketChannelImpl.bind(ServerSocketChannelImpl.java:223)
	at sun.nio.ch.ServerSocketAdaptor.bind(ServerSocketAdaptor.java:74)
	at org.eclipse.jetty.server.ServerConnector.open(ServerConnector.java:321)
	at org.eclipse.jetty.server.AbstractNetworkConnector.doStart(AbstractNetworkConnector.java:80)
	at org.eclipse.jetty.server.ServerConnector.doStart(ServerConnector.java:236)
	at org.eclipse.jetty.util.component.AbstractLifeCycle.start(AbstractLifeCycle.java:68)
	at org.eclipse.jetty.server.Server.doStart(Server.java:366)
	at org.eclipse.jetty.util.component.AbstractLifeCycle.start(AbstractLifeCycle.java:68)
	at org.neo4j.server.web.Jetty9WebServer.startJetty(Jetty9WebServer.java:363)
	at org.neo4j.server.web.Jetty9WebServer.start(Jetty9WebServer.java:178)
	at org.neo4j.server.AbstractNeoServer.startWebServer(AbstractNeoServer.java:319)
	at org.neo4j.server.AbstractNeoServer.access$700(AbstractNeoServer.java:99)
	at org.neo4j.server.AbstractNeoServer$ServerComponentsLifecycleAdapter.start(AbstractNeoServer.java:510)
	at org.neo4j.kernel.lifecycle.LifeSupport$LifecycleInstance.start(LifeSupport.java:434)
	at org.neo4j.kernel.lifecycle.LifeSupport.start(LifeSupport.java:107)
	at org.neo4j.server.AbstractNeoServer.start(AbstractNeoServer.java:207)
	at org.neo4j.server.ServerBootstrapper.start(ServerBootstrapper.java:107)
	at org.neo4j.server.ServerBootstrapper.start(ServerBootstrapper.java:80)
	at org.neo4j.server.CommunityEntryPoint.main(CommunityEntryPoint.java:28)
2017-08-23 03:06:08.421+0000 WARN  FAILED org.eclipse.jetty.server.Server@285d1a7f: java.net.BindException: Address already in use Address already in use
java.net.BindException: Address already in use
	at sun.nio.ch.Net.bind0(Native Method)
	at sun.nio.ch.Net.bind(Net.java:433)
	at sun.nio.ch.Net.bind(Net.java:425)
	at sun.nio.ch.ServerSocketChannelImpl.bind(ServerSocketChannelImpl.java:223)
	at sun.nio.ch.ServerSocketAdaptor.bind(ServerSocketAdaptor.java:74)
	at org.eclipse.jetty.server.ServerConnector.open(ServerConnector.java:321)
	at org.eclipse.jetty.server.AbstractNetworkConnector.doStart(AbstractNetworkConnector.java:80)
	at org.eclipse.jetty.server.ServerConnector.doStart(ServerConnector.java:236)
	at org.eclipse.jetty.util.component.AbstractLifeCycle.start(AbstractLifeCycle.java:68)
	at org.eclipse.jetty.server.Server.doStart(Server.java:366)
	at org.eclipse.jetty.util.component.AbstractLifeCycle.start(AbstractLifeCycle.java:68)
	at org.neo4j.server.web.Jetty9WebServer.startJetty(Jetty9WebServer.java:363)
	at org.neo4j.server.web.Jetty9WebServer.start(Jetty9WebServer.java:178)
	at org.neo4j.server.AbstractNeoServer.startWebServer(AbstractNeoServer.java:319)
	at org.neo4j.server.AbstractNeoServer.access$700(AbstractNeoServer.java:99)
	at org.neo4j.server.AbstractNeoServer$ServerComponentsLifecycleAdapter.start(AbstractNeoServer.java:510)
	at org.neo4j.kernel.lifecycle.LifeSupport$LifecycleInstance.start(LifeSupport.java:434)
	at org.neo4j.kernel.lifecycle.LifeSupport.start(LifeSupport.java:107)
	at org.neo4j.server.AbstractNeoServer.start(AbstractNeoServer.java:207)
	at org.neo4j.server.ServerBootstrapper.start(ServerBootstrapper.java:107)
	at org.neo4j.server.ServerBootstrapper.start(ServerBootstrapper.java:80)
	at org.neo4j.server.CommunityEntryPoint.main(CommunityEntryPoint.java:28)
2017-08-23 03:06:08.422+0000 ERROR Failed to start Neo4j on localhost:7474: Address localhost:7474 is already in use, cannot bind to it.
2017-08-23 03:06:08.423+0000 INFO  Stopping...
2017-08-23 03:06:08.802+0000 INFO  Stopped.
2017-08-23 03:06:08.804+0000 ERROR Failed to start Neo4j: Starting Neo4j failed: Component 'org.neo4j.server.AbstractNeoServer$ServerComponentsLifecycleAdapter@25972698' was successfully initialized, but failed to start. Please see the attached cause exception "Address localhost:7474 is already in use, cannot bind to it.". Starting Neo4j failed: Component 'org.neo4j.server.AbstractNeoServer$ServerComponentsLifecycleAdapter@25972698' was successfully initialized, but failed to start. Please see the attached cause exception "Address localhost:7474 is already in use, cannot bind to it.".
org.neo4j.server.ServerStartupException: Starting Neo4j failed: Component 'org.neo4j.server.AbstractNeoServer$ServerComponentsLifecycleAdapter@25972698' was successfully initialized, but failed to start. Please see the attached cause exception "Address localhost:7474 is already in use, cannot bind to it.".
	at org.neo4j.server.exception.ServerStartupErrors.translateToServerStartupError(ServerStartupErrors.java:68)
	at org.neo4j.server.AbstractNeoServer.start(AbstractNeoServer.java:215)
	at org.neo4j.server.ServerBootstrapper.start(ServerBootstrapper.java:107)
	at org.neo4j.server.ServerBootstrapper.start(ServerBootstrapper.java:80)
	at org.neo4j.server.CommunityEntryPoint.main(CommunityEntryPoint.java:28)
Caused by: org.neo4j.kernel.lifecycle.LifecycleException: Component 'org.neo4j.server.AbstractNeoServer$ServerComponentsLifecycleAdapter@25972698' was successfully initialized, but failed to start. Please see the attached cause exception "Address localhost:7474 is already in use, cannot bind to it.".
	at org.neo4j.kernel.lifecycle.LifeSupport$LifecycleInstance.start(LifeSupport.java:444)
	at org.neo4j.kernel.lifecycle.LifeSupport.start(LifeSupport.java:107)
	at org.neo4j.server.AbstractNeoServer.start(AbstractNeoServer.java:207)
	... 3 more
Caused by: org.neo4j.helpers.PortBindException: Address localhost:7474 is already in use, cannot bind to it.
	at sun.nio.ch.Net.bind0(Native Method)
	at sun.nio.ch.Net.bind(Net.java:433)
	at sun.nio.ch.Net.bind(Net.java:425)
	at sun.nio.ch.ServerSocketChannelImpl.bind(ServerSocketChannelImpl.java:223)
	at sun.nio.ch.ServerSocketAdaptor.bind(ServerSocketAdaptor.java:74)
	at org.eclipse.jetty.server.ServerConnector.open(ServerConnector.java:321)
	at org.eclipse.jetty.server.AbstractNetworkConnector.doStart(AbstractNetworkConnector.java:80)
	at org.eclipse.jetty.server.ServerConnector.doStart(ServerConnector.java:236)
	at org.eclipse.jetty.util.component.AbstractLifeCycle.start(AbstractLifeCycle.java:68)
	at org.eclipse.jetty.server.Server.doStart(Server.java:366)
	at org.eclipse.jetty.util.component.AbstractLifeCycle.start(AbstractLifeCycle.java:68)
	at org.neo4j.server.web.Jetty9WebServer.startJetty(Jetty9WebServer.java:363)
	at org.neo4j.server.web.Jetty9WebServer.start(Jetty9WebServer.java:178)
	at org.neo4j.server.AbstractNeoServer.startWebServer(AbstractNeoServer.java:319)
	at org.neo4j.server.AbstractNeoServer.access$700(AbstractNeoServer.java:99)
	at org.neo4j.server.AbstractNeoServer$ServerComponentsLifecycleAdapter.start(AbstractNeoServer.java:510)
	at org.neo4j.kernel.lifecycle.LifeSupport$LifecycleInstance.start(LifeSupport.java:434)
	... 5 more
2017-08-23 03:06:08.805+0000 INFO  Neo4j Server shutdown initiated by request
nohup: ignoring input
2017-08-23 12:16:31.933+0000 INFO  ======== Neo4j 3.2.3 ========
2017-08-23 12:16:32.957+0000 INFO  Starting...
2017-08-23 12:16:43.700+0000 INFO  Bolt enabled on localhost:7472.
2017-08-23 12:17:04.822+0000 INFO  Started.
2017-08-23 12:17:06.460+0000 INFO  Remote interface available at http://localhost:7474/
nohup: ignoring input
2017-08-23 21:39:39.955+0000 INFO  ======== Neo4j 3.2.3 ========
2017-08-23 21:39:40.074+0000 INFO  Starting...
2017-08-23 21:39:42.304+0000 INFO  Bolt enabled on localhost:7472.
2017-08-23 21:39:47.646+0000 INFO  Started.
2017-08-23 21:39:49.244+0000 INFO  Remote interface available at http://localhost:7474/
nohup: ignoring input
2017-09-19 00:16:12.171+0000 INFO  ======== Neo4j 3.2.3 ========
2017-09-19 00:16:12.217+0000 INFO  Starting...
2017-09-19 00:16:13.393+0000 INFO  Bolt enabled on localhost:7472.
2017-09-19 00:16:19.556+0000 INFO  Started.
2017-09-19 00:16:20.944+0000 INFO  Remote interface available at http://localhost:7474/
2017-09-19 00:20:14.691+0000 INFO  Neo4j Server shutdown initiated by request
2017-09-19 00:20:14.701+0000 INFO  Stopping...
2017-09-19 00:20:15.170+0000 INFO  Stopped.
nohup: ignoring input
2017-09-19 00:20:16.408+0000 INFO  ======== Neo4j 3.2.3 ========
2017-09-19 00:20:16.444+0000 INFO  Starting...
2017-09-19 00:20:17.387+0000 INFO  Bolt enabled on localhost:7472.
2017-09-19 00:20:20.246+0000 INFO  Started.
2017-09-19 00:20:21.375+0000 INFO  Remote interface available at http://localhost:7474/
2017-09-19 00:31:23.368+0000 INFO  Neo4j Server shutdown initiated by request
2017-09-19 00:31:23.384+0000 INFO  Stopping...
2017-09-19 00:31:25.031+0000 INFO  Stopped.
nohup: ignoring input
2017-09-19 00:37:33.792+0000 INFO  ======== Neo4j 3.2.3 ========
2017-09-19 00:37:33.827+0000 INFO  Starting...
2017-09-19 00:37:34.705+0000 INFO  Bolt enabled on localhost:7472.
2017-09-19 00:37:37.541+0000 INFO  Started.
2017-09-19 00:37:38.676+0000 INFO  Remote interface available at http://localhost:7474/
2017-09-19 01:01:27.560+0000 INFO  Neo4j Server shutdown initiated by request
2017-09-19 01:01:27.573+0000 INFO  Stopping...
2017-09-19 01:01:27.872+0000 INFO  Stopped.
nohup: ignoring input
2017-09-19 01:01:29.135+0000 INFO  ======== Neo4j 3.2.3 ========
2017-09-19 01:01:29.175+0000 INFO  Starting...
2017-09-19 01:01:30.520+0000 INFO  Bolt enabled on localhost:7472.
2017-09-19 01:01:37.422+0000 INFO  Started.
2017-09-19 01:01:37.584+0000 INFO  Loaded server plugin "SPARQLPlugin"
2017-09-19 01:01:37.586+0000 INFO    GraphDatabaseService.execute_sparql: execute a SPARQL query.
2017-09-19 01:01:37.586+0000 INFO    GraphDatabaseService.insert_quad: execute a SPARQL query.
2017-09-19 01:01:38.645+0000 INFO  Remote interface available at http://localhost:7474/
2017-09-19 01:16:57.176+0000 INFO  Neo4j Server shutdown initiated by request
2017-09-19 01:16:57.185+0000 INFO  Stopping...
2017-09-19 01:16:57.508+0000 INFO  Stopped.
nohup: ignoring input
2017-09-19 01:16:58.751+0000 INFO  ======== Neo4j 3.2.3 ========
2017-09-19 01:16:58.790+0000 INFO  Starting...
2017-09-19 01:16:59.792+0000 INFO  Bolt enabled on localhost:7472.
2017-09-19 01:17:08.454+0000 INFO  Started.
2017-09-19 01:17:08.658+0000 INFO  Loaded server plugin "SPARQLPlugin"
2017-09-19 01:17:08.660+0000 INFO    GraphDatabaseService.execute_sparql: execute a SPARQL query.
2017-09-19 01:17:08.660+0000 INFO    GraphDatabaseService.insert_quad: execute a SPARQL query.
2017-09-19 01:17:09.787+0000 INFO  Remote interface available at http://localhost:7474/
2017-09-19 01:30:49.134+0000 INFO  Neo4j Server shutdown initiated by request
2017-09-19 01:30:49.146+0000 INFO  Stopping...
2017-09-19 01:30:49.464+0000 INFO  Stopped.
nohup: ignoring input
2017-09-19 01:30:50.729+0000 INFO  ======== Neo4j 3.2.3 ========
2017-09-19 01:30:50.788+0000 INFO  Starting...
2017-09-19 01:30:51.782+0000 INFO  Bolt enabled on localhost:7472.
2017-09-19 01:31:00.084+0000 INFO  Started.
2017-09-19 01:31:00.245+0000 INFO  Loaded server plugin "SPARQLPlugin"
2017-09-19 01:31:00.247+0000 INFO    GraphDatabaseService.execute_sparql: execute a SPARQL query.
2017-09-19 01:31:00.247+0000 INFO    GraphDatabaseService.insert_quad: execute a SPARQL query.
2017-09-19 01:31:01.208+0000 INFO  Remote interface available at http://localhost:7474/
nohup: ignoring input
2017-09-20 21:39:00.491+0000 INFO  ======== Neo4j 3.2.3 ========
2017-09-20 21:39:00.618+0000 INFO  Starting...
2017-09-20 21:39:03.115+0000 INFO  Bolt enabled on localhost:7472.
2017-09-20 21:39:16.276+0000 INFO  Started.
2017-09-20 21:39:16.523+0000 INFO  Loaded server plugin "SPARQLPlugin"
2017-09-20 21:39:16.525+0000 INFO    GraphDatabaseService.execute_sparql: execute a SPARQL query.
2017-09-20 21:39:16.525+0000 INFO    GraphDatabaseService.insert_quad: execute a SPARQL query.
2017-09-20 21:39:17.682+0000 INFO  Remote interface available at http://localhost:7474/
nohup: ignoring input
2017-10-02 00:50:55.234+0000 INFO  ======== Neo4j 3.2.3 ========
2017-10-02 00:50:55.362+0000 INFO  Starting...
2017-10-02 00:50:57.485+0000 INFO  Bolt enabled on localhost:7472.
2017-10-02 00:51:03.032+0000 INFO  Started.
2017-10-02 00:51:04.535+0000 INFO  Remote interface available at http://localhost:7474/
nohup: ignoring input
2017-10-04 13:01:16.742+0000 INFO  ======== Neo4j 3.2.3 ========
2017-10-04 13:01:16.881+0000 INFO  Starting...
2017-10-04 13:01:19.412+0000 INFO  Bolt enabled on localhost:7472.
2017-10-04 13:01:25.108+0000 INFO  Started.
2017-10-04 13:01:26.626+0000 INFO  Remote interface available at http://localhost:7474/
nohup: ignoring input
2017-10-08 20:19:32.628+0000 INFO  ======== Neo4j 3.2.3 ========
2017-10-08 20:19:32.726+0000 INFO  Starting...
2017-10-08 20:19:35.445+0000 INFO  Bolt enabled on localhost:7472.
2017-10-08 20:19:43.000+0000 INFO  Started.
2017-10-08 20:19:45.443+0000 INFO  Remote interface available at http://localhost:7474/
2017-10-08 20:36:12.441+0000 ERROR Client triggered an unexpected error [ExecutionFailed]: The shortest path algorithm does not work when the start and end nodes are the same. This can happen if you
perform a shortestPath search after a cartesian product that might have the same start and end nodes for some
of the rows passed to shortestPath. If you would rather not experience this exception, and can accept the
possibility of missing results for those rows, disable this in the Neo4j configuration by setting
`cypher.forbid_shortestpath_common_node` to false. If you cannot accept missing results, and really want the
shortestPath between two common nodes, then re-write the query using a standard Cypher variable length pattern
expression followed by ordering by path length and limiting to one result., reference 182c025f-7b64-49ef-8e2b-c60a88cbf9b1.
2017-10-08 20:37:19.653+0000 ERROR Client triggered an unexpected error [ExecutionFailed]: The shortest path algorithm does not work when the start and end nodes are the same. This can happen if you
perform a shortestPath search after a cartesian product that might have the same start and end nodes for some
of the rows passed to shortestPath. If you would rather not experience this exception, and can accept the
possibility of missing results for those rows, disable this in the Neo4j configuration by setting
`cypher.forbid_shortestpath_common_node` to false. If you cannot accept missing results, and really want the
shortestPath between two common nodes, then re-write the query using a standard Cypher variable length pattern
expression followed by ordering by path length and limiting to one result., reference 3d99766b-1521-418b-b79c-57f58176d29d.
2017-10-08 20:37:24.700+0000 ERROR Client triggered an unexpected error [ExecutionFailed]: The shortest path algorithm does not work when the start and end nodes are the same. This can happen if you
perform a shortestPath search after a cartesian product that might have the same start and end nodes for some
of the rows passed to shortestPath. If you would rather not experience this exception, and can accept the
possibility of missing results for those rows, disable this in the Neo4j configuration by setting
`cypher.forbid_shortestpath_common_node` to false. If you cannot accept missing results, and really want the
shortestPath between two common nodes, then re-write the query using a standard Cypher variable length pattern
expression followed by ordering by path length and limiting to one result., reference 08400b9a-44ea-4991-9fa7-74c55921e39d.
nohup: ignoring input
2017-10-10 00:26:58.845+0000 INFO  ======== Neo4j 3.2.3 ========
2017-10-10 00:26:58.965+0000 INFO  Starting...
2017-10-10 00:27:01.471+0000 INFO  Bolt enabled on localhost:7472.
2017-10-10 00:27:07.318+0000 INFO  Started.
2017-10-10 00:27:09.119+0000 INFO  Remote interface available at http://localhost:7474/
nohup: ignoring input
2017-10-12 03:15:42.821+0000 INFO  ======== Neo4j 3.2.3 ========
2017-10-12 03:15:42.934+0000 INFO  Starting...
2017-10-12 03:15:45.748+0000 INFO  Bolt enabled on localhost:7472.
2017-10-12 03:15:52.526+0000 INFO  Started.
2017-10-12 03:15:55.141+0000 INFO  Remote interface available at http://localhost:7474/
